----------------------------------------
Lista de Palavras
----------------------------------------
Palavra: felicidade
Ocorrencias: 1
----------------------------------------
Palavra: amor
Ocorrencias: 2
----------------------------------------
Palavra: odio
Ocorrencias: 1
----------------------------------------
e j t x b c c c d g f e w n e
k d g d d e u c a q n i g f u
b f i y s z t a o d s v i l p
g w j b F E L I C I D A D E s
p w A c r f m f w p b e h m b
z e M x y z O g y f q n r o l
a p O e o h a D v j s v h x b
l l R l f q m w I t q c y q o
a f r u r u w c R O r e m e o
h g q x n s a O g y b h h y c
a l t o d w M k t f h a r i z
k a z o f A g a b r i e q z w
