----------------------------------------
Lista de Palavras
----------------------------------------
Palavra: brasil
Ocorrencias: 2
----------------------------------------
Palavra: alemanha
Ocorrencias: 1
----------------------------------------
A k t l k B s y r y x p
n L u b m o R a o z e u
x a E m u z a A f y g h
a m l M d e a m S j c v
B t u c * i w e u I e w
v R w m o N p k i w L k
b m A i r h H k k q e n
p r p S y w j A q m d y
q j a g I f w t t x e x
q c r e q L s u w s p c
j i w t z p p y k d w e
