----------------------------------------
Lista de Palavras
----------------------------------------
Palavra: bailarina
Ocorrencias: 1
----------------------------------------
Palavra: ator
Ocorrencias: 4
----------------------------------------
Palavra: motorista
Ocorrencias: 1
----------------------------------------
f g n i u g e i y M
g e e a c m q t f O
A e A o f o o s c T
g T T R r v o s q O
A T O R r z y m h R
u T R R g n l w q I
A h s z w f z y k S
o j p u p r o l a T
q B A I L A R I N A
