KEN APLICOU UM GOLPE: 15
HP RYU = 75
HP KEN = 70
KEN APLICOU UM GOLPE: 15
HP RYU = 60
HP KEN = 70
RYU APLICOU UM GOLPE: 15
HP RYU = 60
HP KEN = 55
RYU APLICOU UM GOLPE: 20
HP RYU = 60
HP KEN = 35
KEN APLICOU UM GOLPE: 20
HP RYU = 40
HP KEN = 35
RYU APLICOU UM GOLPE: 20
HP RYU = 40
HP KEN = 15
KEN APLICOU UM GOLPE: 10
HP RYU = 30
HP KEN = 15
RYU APLICOU UM GOLPE: 10
HP RYU = 30
HP KEN = 5
KEN APLICOU UM GOLPE: 15
HP RYU = 15
HP KEN = 5
KEN APLICOU UM GOLPE: 20
HP RYU = 0
HP KEN = 5
LUTADOR VENCEDOR: KEN
GOLPES RYU = 4
GOLPES KEN = 6
