Primeiro número: 07
Terceiro número: 13
Quarto número: 18
Sexto número: 42
Lista de possíveis apostas:
07 - 08 - 13 - 18 - 19 - 42
07 - 08 - 13 - 18 - 21 - 42
07 - 08 - 13 - 18 - 23 - 42
07 - 08 - 13 - 18 - 25 - 42
07 - 08 - 13 - 18 - 27 - 42
07 - 08 - 13 - 18 - 33 - 42
07 - 08 - 13 - 18 - 35 - 42
07 - 08 - 13 - 18 - 37 - 42
07 - 08 - 13 - 18 - 39 - 42
07 - 08 - 13 - 18 - 41 - 42
07 - 10 - 13 - 18 - 19 - 42
07 - 10 - 13 - 18 - 21 - 42
07 - 10 - 13 - 18 - 23 - 42
07 - 10 - 13 - 18 - 25 - 42
07 - 10 - 13 - 18 - 31 - 42
07 - 10 - 13 - 18 - 33 - 42
07 - 10 - 13 - 18 - 35 - 42
07 - 10 - 13 - 18 - 37 - 42
07 - 10 - 13 - 18 - 39 - 42
07 - 10 - 13 - 18 - 41 - 42
07 - 12 - 13 - 18 - 19 - 42
07 - 12 - 13 - 18 - 21 - 42
07 - 12 - 13 - 18 - 23 - 42
07 - 12 - 13 - 18 - 29 - 42
07 - 12 - 13 - 18 - 31 - 42
07 - 12 - 13 - 18 - 33 - 42
07 - 12 - 13 - 18 - 35 - 42
07 - 12 - 13 - 18 - 37 - 42
07 - 12 - 13 - 18 - 39 - 42
