Primeiro número: 05
Terceiro número: 27
Quarto número: 34
Sexto número: 48
Lista de possíveis apostas:
05 - 06 - 27 - 34 - 35 - 48
05 - 06 - 27 - 34 - 37 - 48
05 - 06 - 27 - 34 - 39 - 48
05 - 06 - 27 - 34 - 43 - 48
05 - 06 - 27 - 34 - 45 - 48
05 - 06 - 27 - 34 - 47 - 48
05 - 08 - 27 - 34 - 35 - 48
05 - 08 - 27 - 34 - 37 - 48
05 - 08 - 27 - 34 - 41 - 48
05 - 08 - 27 - 34 - 43 - 48
05 - 08 - 27 - 34 - 45 - 48
05 - 10 - 27 - 34 - 35 - 48
05 - 10 - 27 - 34 - 39 - 48
05 - 10 - 27 - 34 - 41 - 48
05 - 10 - 27 - 34 - 43 - 48
05 - 10 - 27 - 34 - 47 - 48
05 - 12 - 27 - 34 - 37 - 48
05 - 12 - 27 - 34 - 39 - 48
05 - 12 - 27 - 34 - 41 - 48
05 - 12 - 27 - 34 - 45 - 48
05 - 12 - 27 - 34 - 47 - 48
05 - 14 - 27 - 34 - 35 - 48
05 - 14 - 27 - 34 - 37 - 48
05 - 14 - 27 - 34 - 39 - 48
05 - 14 - 27 - 34 - 43 - 48
05 - 14 - 27 - 34 - 45 - 48
05 - 16 - 27 - 34 - 35 - 48
05 - 16 - 27 - 34 - 37 - 48
05 - 16 - 27 - 34 - 41 - 48
05 - 16 - 27 - 34 - 43 - 48
05 - 16 - 27 - 34 - 47 - 48
05 - 18 - 27 - 34 - 35 - 48
05 - 18 - 27 - 34 - 39 - 48
05 - 18 - 27 - 34 - 41 - 48
05 - 18 - 27 - 34 - 45 - 48
05 - 18 - 27 - 34 - 47 - 48
05 - 20 - 27 - 34 - 37 - 48
05 - 20 - 27 - 34 - 39 - 48
05 - 20 - 27 - 34 - 43 - 48
05 - 20 - 27 - 34 - 45 - 48
05 - 20 - 27 - 34 - 47 - 48
05 - 22 - 27 - 34 - 35 - 48
05 - 22 - 27 - 34 - 37 - 48
05 - 22 - 27 - 34 - 41 - 48
05 - 22 - 27 - 34 - 43 - 48
05 - 22 - 27 - 34 - 45 - 48
05 - 22 - 27 - 34 - 47 - 48
05 - 24 - 27 - 34 - 35 - 48
05 - 24 - 27 - 34 - 39 - 48
05 - 24 - 27 - 34 - 41 - 48
05 - 24 - 27 - 34 - 43 - 48
05 - 24 - 27 - 34 - 45 - 48
05 - 24 - 27 - 34 - 47 - 48
05 - 26 - 27 - 34 - 37 - 48
05 - 26 - 27 - 34 - 39 - 48
05 - 26 - 27 - 34 - 41 - 48
05 - 26 - 27 - 34 - 43 - 48
05 - 26 - 27 - 34 - 45 - 48
05 - 26 - 27 - 34 - 47 - 48
