Primeiro número: 08
Terceiro número: 16
Quarto número: 35
Sexto número: 53
Lista de possíveis apostas:
08 - 09 - 16 - 35 - 36 - 53
08 - 09 - 16 - 35 - 38 - 53
08 - 09 - 16 - 35 - 42 - 53
08 - 09 - 16 - 35 - 44 - 53
08 - 09 - 16 - 35 - 46 - 53
08 - 09 - 16 - 35 - 50 - 53
08 - 09 - 16 - 35 - 52 - 53
08 - 11 - 16 - 35 - 36 - 53
08 - 11 - 16 - 35 - 40 - 53
08 - 11 - 16 - 35 - 42 - 53
08 - 11 - 16 - 35 - 44 - 53
08 - 11 - 16 - 35 - 48 - 53
08 - 11 - 16 - 35 - 50 - 53
08 - 13 - 16 - 35 - 38 - 53
08 - 13 - 16 - 35 - 40 - 53
08 - 13 - 16 - 35 - 42 - 53
08 - 13 - 16 - 35 - 46 - 53
08 - 13 - 16 - 35 - 48 - 53
08 - 13 - 16 - 35 - 52 - 53
08 - 15 - 16 - 35 - 36 - 53
08 - 15 - 16 - 35 - 38 - 53
08 - 15 - 16 - 35 - 40 - 53
08 - 15 - 16 - 35 - 44 - 53
08 - 15 - 16 - 35 - 46 - 53
08 - 15 - 16 - 35 - 50 - 53
08 - 15 - 16 - 35 - 52 - 53
