Primeiro número: 06
Terceiro número: 30
Quarto número: 37
Sexto número: 57
Lista de possíveis apostas:
06 - 07 - 30 - 37 - 40 - 57
06 - 07 - 30 - 37 - 42 - 57
06 - 07 - 30 - 37 - 44 - 57
06 - 07 - 30 - 37 - 46 - 57
06 - 07 - 30 - 37 - 48 - 57
06 - 07 - 30 - 37 - 50 - 57
06 - 07 - 30 - 37 - 54 - 57
06 - 07 - 30 - 37 - 56 - 57
06 - 09 - 30 - 37 - 38 - 57
06 - 09 - 30 - 37 - 40 - 57
06 - 09 - 30 - 37 - 42 - 57
06 - 09 - 30 - 37 - 44 - 57
06 - 09 - 30 - 37 - 46 - 57
06 - 09 - 30 - 37 - 48 - 57
06 - 09 - 30 - 37 - 52 - 57
06 - 09 - 30 - 37 - 54 - 57
06 - 11 - 30 - 37 - 38 - 57
06 - 11 - 30 - 37 - 40 - 57
06 - 11 - 30 - 37 - 42 - 57
06 - 11 - 30 - 37 - 44 - 57
06 - 11 - 30 - 37 - 46 - 57
06 - 11 - 30 - 37 - 50 - 57
06 - 11 - 30 - 37 - 52 - 57
06 - 11 - 30 - 37 - 56 - 57
06 - 13 - 30 - 37 - 38 - 57
06 - 13 - 30 - 37 - 40 - 57
06 - 13 - 30 - 37 - 42 - 57
06 - 13 - 30 - 37 - 44 - 57
06 - 13 - 30 - 37 - 48 - 57
06 - 13 - 30 - 37 - 50 - 57
06 - 13 - 30 - 37 - 54 - 57
06 - 13 - 30 - 37 - 56 - 57
06 - 15 - 30 - 37 - 38 - 57
06 - 15 - 30 - 37 - 40 - 57
06 - 15 - 30 - 37 - 42 - 57
06 - 15 - 30 - 37 - 46 - 57
06 - 15 - 30 - 37 - 48 - 57
06 - 15 - 30 - 37 - 52 - 57
06 - 15 - 30 - 37 - 54 - 57
06 - 15 - 30 - 37 - 56 - 57
06 - 17 - 30 - 37 - 38 - 57
06 - 17 - 30 - 37 - 40 - 57
06 - 17 - 30 - 37 - 44 - 57
06 - 17 - 30 - 37 - 46 - 57
06 - 17 - 30 - 37 - 50 - 57
06 - 17 - 30 - 37 - 52 - 57
06 - 17 - 30 - 37 - 54 - 57
06 - 19 - 30 - 37 - 38 - 57
06 - 19 - 30 - 37 - 42 - 57
06 - 19 - 30 - 37 - 44 - 57
06 - 19 - 30 - 37 - 48 - 57
06 - 19 - 30 - 37 - 50 - 57
06 - 19 - 30 - 37 - 52 - 57
06 - 19 - 30 - 37 - 56 - 57
06 - 21 - 30 - 37 - 40 - 57
06 - 21 - 30 - 37 - 42 - 57
06 - 21 - 30 - 37 - 46 - 57
06 - 21 - 30 - 37 - 48 - 57
06 - 21 - 30 - 37 - 50 - 57
06 - 21 - 30 - 37 - 54 - 57
06 - 21 - 30 - 37 - 56 - 57
06 - 23 - 30 - 37 - 38 - 57
06 - 23 - 30 - 37 - 40 - 57
06 - 23 - 30 - 37 - 44 - 57
06 - 23 - 30 - 37 - 46 - 57
06 - 23 - 30 - 37 - 48 - 57
06 - 23 - 30 - 37 - 52 - 57
06 - 23 - 30 - 37 - 54 - 57
06 - 23 - 30 - 37 - 56 - 57
06 - 25 - 30 - 37 - 38 - 57
06 - 25 - 30 - 37 - 42 - 57
06 - 25 - 30 - 37 - 44 - 57
06 - 25 - 30 - 37 - 46 - 57
06 - 25 - 30 - 37 - 50 - 57
06 - 25 - 30 - 37 - 52 - 57
06 - 25 - 30 - 37 - 54 - 57
06 - 25 - 30 - 37 - 56 - 57
06 - 27 - 30 - 37 - 40 - 57
06 - 27 - 30 - 37 - 42 - 57
06 - 27 - 30 - 37 - 44 - 57
06 - 27 - 30 - 37 - 48 - 57
06 - 27 - 30 - 37 - 50 - 57
06 - 27 - 30 - 37 - 52 - 57
06 - 27 - 30 - 37 - 54 - 57
06 - 27 - 30 - 37 - 56 - 57
06 - 29 - 30 - 37 - 38 - 57
06 - 29 - 30 - 37 - 40 - 57
06 - 29 - 30 - 37 - 42 - 57
06 - 29 - 30 - 37 - 46 - 57
06 - 29 - 30 - 37 - 48 - 57
06 - 29 - 30 - 37 - 50 - 57
06 - 29 - 30 - 37 - 52 - 57
06 - 29 - 30 - 37 - 54 - 57
06 - 29 - 30 - 37 - 56 - 57
