Primeiro número: 06
Terceiro número: 16
Quarto número: 17
Sexto número: 41
Lista de possíveis apostas:
06 - 07 - 16 - 17 - 20 - 41
06 - 07 - 16 - 17 - 22 - 41
06 - 07 - 16 - 17 - 24 - 41
06 - 07 - 16 - 17 - 26 - 41
06 - 07 - 16 - 17 - 28 - 41
06 - 07 - 16 - 17 - 34 - 41
06 - 07 - 16 - 17 - 36 - 41
06 - 07 - 16 - 17 - 38 - 41
06 - 07 - 16 - 17 - 40 - 41
06 - 09 - 16 - 17 - 18 - 41
06 - 09 - 16 - 17 - 20 - 41
06 - 09 - 16 - 17 - 22 - 41
06 - 09 - 16 - 17 - 24 - 41
06 - 09 - 16 - 17 - 26 - 41
06 - 09 - 16 - 17 - 32 - 41
06 - 09 - 16 - 17 - 34 - 41
06 - 09 - 16 - 17 - 36 - 41
06 - 09 - 16 - 17 - 38 - 41
06 - 09 - 16 - 17 - 40 - 41
06 - 11 - 16 - 17 - 18 - 41
06 - 11 - 16 - 17 - 20 - 41
06 - 11 - 16 - 17 - 22 - 41
06 - 11 - 16 - 17 - 24 - 41
06 - 11 - 16 - 17 - 30 - 41
06 - 11 - 16 - 17 - 32 - 41
06 - 11 - 16 - 17 - 34 - 41
06 - 11 - 16 - 17 - 36 - 41
06 - 11 - 16 - 17 - 38 - 41
06 - 11 - 16 - 17 - 40 - 41
06 - 13 - 16 - 17 - 18 - 41
06 - 13 - 16 - 17 - 20 - 41
06 - 13 - 16 - 17 - 22 - 41
06 - 13 - 16 - 17 - 28 - 41
06 - 13 - 16 - 17 - 30 - 41
06 - 13 - 16 - 17 - 32 - 41
06 - 13 - 16 - 17 - 34 - 41
06 - 13 - 16 - 17 - 36 - 41
06 - 13 - 16 - 17 - 38 - 41
06 - 15 - 16 - 17 - 18 - 41
06 - 15 - 16 - 17 - 20 - 41
06 - 15 - 16 - 17 - 26 - 41
06 - 15 - 16 - 17 - 28 - 41
06 - 15 - 16 - 17 - 30 - 41
06 - 15 - 16 - 17 - 32 - 41
06 - 15 - 16 - 17 - 34 - 41
06 - 15 - 16 - 17 - 36 - 41
06 - 15 - 16 - 17 - 40 - 41
