--------------------------------------------------
Pais: Croacia
Partidas: 4
Partidas decididas em tempo normal de jogo: 4
Partidas decicidas nos penaltis: 0
Vitorias: 2
Derrotas: 2
Gols marcados: 13
Gols sofridos: 14
--------------------------------------------------
Pais: Camaroes
Partidas: 1
Partidas decididas em tempo normal de jogo: 1
Partidas decicidas nos penaltis: 0
Vitorias: 0
Derrotas: 1
Gols marcados: 3
Gols sofridos: 5
--------------------------------------------------
Pais: Australia
Partidas: 1
Partidas decididas em tempo normal de jogo: 0
Partidas decicidas nos penaltis: 1
Vitorias: 0
Derrotas: 1
Gols marcados: 0
Gols sofridos: 0
--------------------------------------------------
Pais: Tunisia
Partidas: 2
Partidas decididas em tempo normal de jogo: 1
Partidas decicidas nos penaltis: 1
Vitorias: 1
Derrotas: 1
Gols marcados: 1
Gols sofridos: 4
--------------------------------------------------
Pais: Egito
Partidas: 4
Partidas decididas em tempo normal de jogo: 3
Partidas decicidas nos penaltis: 1
Vitorias: 3
Derrotas: 1
Gols marcados: 10
Gols sofridos: 6
--------------------------------------------------
Pais: Peru
Partidas: 1
Partidas decididas em tempo normal de jogo: 1
Partidas decicidas nos penaltis: 0
Vitorias: 0
Derrotas: 1
Gols marcados: 2
Gols sofridos: 3
--------------------------------------------------
Pais: Dinamarca
Partidas: 1
Partidas decididas em tempo normal de jogo: 0
Partidas decicidas nos penaltis: 1
Vitorias: 0
Derrotas: 1
Gols marcados: 4
Gols sofridos: 4
--------------------------------------------------
Pais: Espanha
Partidas: 2
Partidas decididas em tempo normal de jogo: 0
Partidas decicidas nos penaltis: 2
Vitorias: 1
Derrotas: 1
Gols marcados: 6
Gols sofridos: 6
--------------------------------------------------
Pais: Panama
Partidas: 1
Partidas decididas em tempo normal de jogo: 1
Partidas decicidas nos penaltis: 0
Vitorias: 0
Derrotas: 1
Gols marcados: 1
Gols sofridos: 5
--------------------------------------------------
Pais: Islandia
Partidas: 4
Partidas decididas em tempo normal de jogo: 3
Partidas decicidas nos penaltis: 1
Vitorias: 4
Derrotas: 0
Gols marcados: 16
Gols sofridos: 8
--------------------------------------------------
Pais: Grecia
Partidas: 1
Partidas decididas em tempo normal de jogo: 1
Partidas decicidas nos penaltis: 0
Vitorias: 0
Derrotas: 1
Gols marcados: 0
Gols sofridos: 1
--------------------------------------------------
Pais: Russia
Partidas: 2
Partidas decididas em tempo normal de jogo: 1
Partidas decicidas nos penaltis: 1
Vitorias: 1
Derrotas: 1
Gols marcados: 6
Gols sofridos: 5
--------------------------------------------------
Pais: Argentina
Partidas: 1
Partidas decididas em tempo normal de jogo: 1
Partidas decicidas nos penaltis: 0
Vitorias: 0
Derrotas: 1
Gols marcados: 1
Gols sofridos: 4
--------------------------------------------------
Pais: Belgica
Partidas: 2
Partidas decididas em tempo normal de jogo: 2
Partidas decicidas nos penaltis: 0
Vitorias: 1
Derrotas: 1
Gols marcados: 6
Gols sofridos: 5
--------------------------------------------------
Pais: Senegal
Partidas: 1
Partidas decididas em tempo normal de jogo: 1
Partidas decicidas nos penaltis: 0
Vitorias: 0
Derrotas: 1
Gols marcados: 4
Gols sofridos: 5
--------------------------------------------------
Pais: Ira
Partidas: 4
Partidas decididas em tempo normal de jogo: 4
Partidas decicidas nos penaltis: 0
Vitorias: 3
Derrotas: 1
Gols marcados: 16
Gols sofridos: 14
--------------------------------------------------
Pais campeao: Islandia
--------------------------------------------------
