--------------------------------------------------
Pais: Colombia
Partidas: 2
Partidas decididas em tempo normal de jogo: 2
Partidas decicidas nos penaltis: 0
Vitorias: 1
Derrotas: 1
Gols marcados: 8
Gols sofridos: 4
--------------------------------------------------
Pais: Brasil
Partidas: 1
Partidas decididas em tempo normal de jogo: 1
Partidas decicidas nos penaltis: 0
Vitorias: 0
Derrotas: 1
Gols marcados: 0
Gols sofridos: 5
--------------------------------------------------
Pais: Senegal
Partidas: 4
Partidas decididas em tempo normal de jogo: 3
Partidas decicidas nos penaltis: 1
Vitorias: 4
Derrotas: 0
Gols marcados: 15
Gols sofridos: 10
--------------------------------------------------
Pais: Panama
Partidas: 1
Partidas decididas em tempo normal de jogo: 1
Partidas decicidas nos penaltis: 0
Vitorias: 0
Derrotas: 1
Gols marcados: 2
Gols sofridos: 5
--------------------------------------------------
Pais: Islandia
Partidas: 1
Partidas decididas em tempo normal de jogo: 1
Partidas decicidas nos penaltis: 0
Vitorias: 0
Derrotas: 1
Gols marcados: 1
Gols sofridos: 4
--------------------------------------------------
Pais: Suecia
Partidas: 4
Partidas decididas em tempo normal de jogo: 4
Partidas decicidas nos penaltis: 0
Vitorias: 3
Derrotas: 1
Gols marcados: 12
Gols sofridos: 4
--------------------------------------------------
Pais: Portugal
Partidas: 2
Partidas decididas em tempo normal de jogo: 2
Partidas decicidas nos penaltis: 0
Vitorias: 1
Derrotas: 1
Gols marcados: 6
Gols sofridos: 6
--------------------------------------------------
Pais: Mexico
Partidas: 1
Partidas decididas em tempo normal de jogo: 1
Partidas decicidas nos penaltis: 0
Vitorias: 0
Derrotas: 1
Gols marcados: 1
Gols sofridos: 5
--------------------------------------------------
Pais: Suica
Partidas: 2
Partidas decididas em tempo normal de jogo: 2
Partidas decicidas nos penaltis: 0
Vitorias: 1
Derrotas: 1
Gols marcados: 9
Gols sofridos: 9
--------------------------------------------------
Pais: Australia
Partidas: 1
Partidas decididas em tempo normal de jogo: 1
Partidas decicidas nos penaltis: 0
Vitorias: 0
Derrotas: 1
Gols marcados: 4
Gols sofridos: 5
--------------------------------------------------
Pais: Inglaterra
Partidas: 4
Partidas decididas em tempo normal de jogo: 3
Partidas decicidas nos penaltis: 1
Vitorias: 3
Derrotas: 1
Gols marcados: 14
Gols sofridos: 10
--------------------------------------------------
Pais: Nigeria
Partidas: 1
Partidas decididas em tempo normal de jogo: 1
Partidas decicidas nos penaltis: 0
Vitorias: 0
Derrotas: 1
Gols marcados: 1
Gols sofridos: 2
--------------------------------------------------
Pais: Uruguai
Partidas: 4
Partidas decididas em tempo normal de jogo: 4
Partidas decicidas nos penaltis: 0
Vitorias: 2
Derrotas: 2
Gols marcados: 9
Gols sofridos: 11
--------------------------------------------------
Pais: Espanha
Partidas: 1
Partidas decididas em tempo normal de jogo: 1
Partidas decicidas nos penaltis: 0
Vitorias: 0
Derrotas: 1
Gols marcados: 3
Gols sofridos: 4
--------------------------------------------------
Pais: Alemanha
Partidas: 1
Partidas decididas em tempo normal de jogo: 0
Partidas decicidas nos penaltis: 1
Vitorias: 0
Derrotas: 1
Gols marcados: 2
Gols sofridos: 2
--------------------------------------------------
Pais: Egito
Partidas: 2
Partidas decididas em tempo normal de jogo: 1
Partidas decicidas nos penaltis: 1
Vitorias: 1
Derrotas: 1
Gols marcados: 5
Gols sofridos: 6
--------------------------------------------------
Pais campeao: Senegal
--------------------------------------------------
