--------------------------------------------------
Pais: Uruguai
Partidas: 4
Partidas decididas em tempo normal de jogo: 1
Partidas decicidas nos penaltis: 3
Vitorias: 3
Derrotas: 1
Gols marcados: 9
Gols sofridos: 8
--------------------------------------------------
Pais: Panama
Partidas: 1
Partidas decididas em tempo normal de jogo: 1
Partidas decicidas nos penaltis: 0
Vitorias: 0
Derrotas: 1
Gols marcados: 0
Gols sofridos: 1
--------------------------------------------------
Pais: Suecia
Partidas: 1
Partidas decididas em tempo normal de jogo: 1
Partidas decicidas nos penaltis: 0
Vitorias: 0
Derrotas: 1
Gols marcados: 1
Gols sofridos: 4
--------------------------------------------------
Pais: Argentina
Partidas: 2
Partidas decididas em tempo normal de jogo: 1
Partidas decicidas nos penaltis: 1
Vitorias: 1
Derrotas: 1
Gols marcados: 6
Gols sofridos: 3
--------------------------------------------------
Pais: Colombia
Partidas: 4
Partidas decididas em tempo normal de jogo: 3
Partidas decicidas nos penaltis: 1
Vitorias: 4
Derrotas: 0
Gols marcados: 14
Gols sofridos: 7
--------------------------------------------------
Pais: Senegal
Partidas: 1
Partidas decididas em tempo normal de jogo: 1
Partidas decicidas nos penaltis: 0
Vitorias: 0
Derrotas: 1
Gols marcados: 0
Gols sofridos: 5
--------------------------------------------------
Pais: Russia
Partidas: 1
Partidas decididas em tempo normal de jogo: 1
Partidas decicidas nos penaltis: 0
Vitorias: 0
Derrotas: 1
Gols marcados: 1
Gols sofridos: 4
--------------------------------------------------
Pais: Nigeria
Partidas: 2
Partidas decididas em tempo normal de jogo: 2
Partidas decicidas nos penaltis: 0
Vitorias: 1
Derrotas: 1
Gols marcados: 6
Gols sofridos: 4
--------------------------------------------------
Pais: Marrocos
Partidas: 2
Partidas decididas em tempo normal de jogo: 1
Partidas decicidas nos penaltis: 1
Vitorias: 1
Derrotas: 1
Gols marcados: 0
Gols sofridos: 1
--------------------------------------------------
Pais: Chile
Partidas: 1
Partidas decididas em tempo normal de jogo: 0
Partidas decicidas nos penaltis: 1
Vitorias: 0
Derrotas: 1
Gols marcados: 0
Gols sofridos: 0
--------------------------------------------------
Pais: Suica
Partidas: 4
Partidas decididas em tempo normal de jogo: 4
Partidas decicidas nos penaltis: 0
Vitorias: 3
Derrotas: 1
Gols marcados: 14
Gols sofridos: 9
--------------------------------------------------
Pais: Portugal
Partidas: 1
Partidas decididas em tempo normal de jogo: 1
Partidas decicidas nos penaltis: 0
Vitorias: 0
Derrotas: 1
Gols marcados: 4
Gols sofridos: 5
--------------------------------------------------
Pais: Mexico
Partidas: 1
Partidas decididas em tempo normal de jogo: 1
Partidas decicidas nos penaltis: 0
Vitorias: 0
Derrotas: 1
Gols marcados: 1
Gols sofridos: 4
--------------------------------------------------
Pais: Servia
Partidas: 2
Partidas decididas em tempo normal de jogo: 2
Partidas decicidas nos penaltis: 0
Vitorias: 1
Derrotas: 1
Gols marcados: 4
Gols sofridos: 2
--------------------------------------------------
Pais: Islandia
Partidas: 4
Partidas decididas em tempo normal de jogo: 3
Partidas decicidas nos penaltis: 1
Vitorias: 2
Derrotas: 2
Gols marcados: 10
Gols sofridos: 10
--------------------------------------------------
Pais: Belgica
Partidas: 1
Partidas decididas em tempo normal de jogo: 1
Partidas decicidas nos penaltis: 0
Vitorias: 0
Derrotas: 1
Gols marcados: 1
Gols sofridos: 4
--------------------------------------------------
Pais campeao: Colombia
--------------------------------------------------
