--------------------------------------------------
Pais: Colombia
Partidas: 1
Partidas decididas em tempo normal de jogo: 1
Partidas decicidas nos penaltis: 0
Vitorias: 0
Derrotas: 1
Gols marcados: 1
Gols sofridos: 3
--------------------------------------------------
Pais: Dinamarca
Partidas: 4
Partidas decididas em tempo normal de jogo: 3
Partidas decicidas nos penaltis: 1
Vitorias: 2
Derrotas: 2
Gols marcados: 9
Gols sofridos: 10
--------------------------------------------------
Pais: Inglaterra
Partidas: 1
Partidas decididas em tempo normal de jogo: 1
Partidas decicidas nos penaltis: 0
Vitorias: 0
Derrotas: 1
Gols marcados: 1
Gols sofridos: 2
--------------------------------------------------
Pais: Franca
Partidas: 2
Partidas decididas em tempo normal de jogo: 1
Partidas decicidas nos penaltis: 1
Vitorias: 1
Derrotas: 1
Gols marcados: 5
Gols sofridos: 4
--------------------------------------------------
Pais: Chile
Partidas: 1
Partidas decididas em tempo normal de jogo: 0
Partidas decicidas nos penaltis: 1
Vitorias: 0
Derrotas: 1
Gols marcados: 5
Gols sofridos: 5
--------------------------------------------------
Pais: Suica
Partidas: 4
Partidas decididas em tempo normal de jogo: 3
Partidas decicidas nos penaltis: 1
Vitorias: 3
Derrotas: 1
Gols marcados: 13
Gols sofridos: 12
--------------------------------------------------
Pais: Suecia
Partidas: 1
Partidas decididas em tempo normal de jogo: 0
Partidas decicidas nos penaltis: 1
Vitorias: 0
Derrotas: 1
Gols marcados: 3
Gols sofridos: 3
--------------------------------------------------
Pais: Belgica
Partidas: 2
Partidas decididas em tempo normal de jogo: 1
Partidas decicidas nos penaltis: 1
Vitorias: 1
Derrotas: 1
Gols marcados: 4
Gols sofridos: 5
--------------------------------------------------
Pais: Croacia
Partidas: 1
Partidas decididas em tempo normal de jogo: 1
Partidas decicidas nos penaltis: 0
Vitorias: 0
Derrotas: 1
Gols marcados: 0
Gols sofridos: 3
--------------------------------------------------
Pais: Japao
Partidas: 2
Partidas decididas em tempo normal de jogo: 2
Partidas decicidas nos penaltis: 0
Vitorias: 1
Derrotas: 1
Gols marcados: 3
Gols sofridos: 5
--------------------------------------------------
Pais: Egito
Partidas: 1
Partidas decididas em tempo normal de jogo: 1
Partidas decicidas nos penaltis: 0
Vitorias: 0
Derrotas: 1
Gols marcados: 2
Gols sofridos: 3
--------------------------------------------------
Pais: Uruguai
Partidas: 4
Partidas decididas em tempo normal de jogo: 4
Partidas decicidas nos penaltis: 0
Vitorias: 4
Derrotas: 0
Gols marcados: 17
Gols sofridos: 8
--------------------------------------------------
Pais: Servia
Partidas: 1
Partidas decididas em tempo normal de jogo: 1
Partidas decicidas nos penaltis: 0
Vitorias: 0
Derrotas: 1
Gols marcados: 3
Gols sofridos: 5
--------------------------------------------------
Pais: Russia
Partidas: 4
Partidas decididas em tempo normal de jogo: 3
Partidas decicidas nos penaltis: 1
Vitorias: 3
Derrotas: 1
Gols marcados: 14
Gols sofridos: 12
--------------------------------------------------
Pais: Brasil
Partidas: 2
Partidas decididas em tempo normal de jogo: 1
Partidas decicidas nos penaltis: 1
Vitorias: 1
Derrotas: 1
Gols marcados: 7
Gols sofridos: 5
--------------------------------------------------
Pais: Peru
Partidas: 1
Partidas decididas em tempo normal de jogo: 1
Partidas decicidas nos penaltis: 0
Vitorias: 0
Derrotas: 1
Gols marcados: 2
Gols sofridos: 4
--------------------------------------------------
Pais campeao: Uruguai
--------------------------------------------------
