--------------------------------------------------
Pais: Suica
Partidas: 2
Partidas decididas em tempo normal de jogo: 2
Partidas decicidas nos penaltis: 0
Vitorias: 1
Derrotas: 1
Gols marcados: 5
Gols sofridos: 6
--------------------------------------------------
Pais: Argentina
Partidas: 1
Partidas decididas em tempo normal de jogo: 1
Partidas decicidas nos penaltis: 0
Vitorias: 0
Derrotas: 1
Gols marcados: 1
Gols sofridos: 5
--------------------------------------------------
Pais: Brasil
Partidas: 1
Partidas decididas em tempo normal de jogo: 1
Partidas decicidas nos penaltis: 0
Vitorias: 0
Derrotas: 1
Gols marcados: 2
Gols sofridos: 5
--------------------------------------------------
Pais: Australia
Partidas: 4
Partidas decididas em tempo normal de jogo: 4
Partidas decicidas nos penaltis: 0
Vitorias: 4
Derrotas: 0
Gols marcados: 20
Gols sofridos: 5
--------------------------------------------------
Pais: Franca
Partidas: 4
Partidas decididas em tempo normal de jogo: 3
Partidas decicidas nos penaltis: 1
Vitorias: 3
Derrotas: 1
Gols marcados: 14
Gols sofridos: 9
--------------------------------------------------
Pais: Peru
Partidas: 1
Partidas decididas em tempo normal de jogo: 1
Partidas decicidas nos penaltis: 0
Vitorias: 0
Derrotas: 1
Gols marcados: 1
Gols sofridos: 5
--------------------------------------------------
Pais: Portugal
Partidas: 2
Partidas decididas em tempo normal de jogo: 1
Partidas decicidas nos penaltis: 1
Vitorias: 1
Derrotas: 1
Gols marcados: 5
Gols sofridos: 4
--------------------------------------------------
Pais: Uruguai
Partidas: 1
Partidas decididas em tempo normal de jogo: 1
Partidas decicidas nos penaltis: 0
Vitorias: 0
Derrotas: 1
Gols marcados: 1
Gols sofridos: 2
--------------------------------------------------
Pais: Colombia
Partidas: 4
Partidas decididas em tempo normal de jogo: 2
Partidas decicidas nos penaltis: 2
Vitorias: 2
Derrotas: 2
Gols marcados: 13
Gols sofridos: 16
--------------------------------------------------
Pais: Alemanha
Partidas: 1
Partidas decididas em tempo normal de jogo: 0
Partidas decicidas nos penaltis: 1
Vitorias: 0
Derrotas: 1
Gols marcados: 5
Gols sofridos: 5
--------------------------------------------------
Pais: Mexico
Partidas: 2
Partidas decididas em tempo normal de jogo: 2
Partidas decicidas nos penaltis: 0
Vitorias: 1
Derrotas: 1
Gols marcados: 7
Gols sofridos: 8
--------------------------------------------------
Pais: Japao
Partidas: 1
Partidas decididas em tempo normal de jogo: 1
Partidas decicidas nos penaltis: 0
Vitorias: 0
Derrotas: 1
Gols marcados: 3
Gols sofridos: 4
--------------------------------------------------
Pais: Camaroes
Partidas: 2
Partidas decididas em tempo normal de jogo: 1
Partidas decicidas nos penaltis: 1
Vitorias: 1
Derrotas: 1
Gols marcados: 5
Gols sofridos: 9
--------------------------------------------------
Pais: Tunisia
Partidas: 1
Partidas decididas em tempo normal de jogo: 0
Partidas decicidas nos penaltis: 1
Vitorias: 0
Derrotas: 1
Gols marcados: 4
Gols sofridos: 4
--------------------------------------------------
Pais: Panama
Partidas: 4
Partidas decididas em tempo normal de jogo: 3
Partidas decicidas nos penaltis: 1
Vitorias: 3
Derrotas: 1
Gols marcados: 15
Gols sofridos: 11
--------------------------------------------------
Pais: Marrocos
Partidas: 1
Partidas decididas em tempo normal de jogo: 1
Partidas decicidas nos penaltis: 0
Vitorias: 0
Derrotas: 1
Gols marcados: 2
Gols sofridos: 5
--------------------------------------------------
Pais campeao: Australia
--------------------------------------------------
