--------------------------------------------------
Pais: Panama
Partidas: 2
Partidas decididas em tempo normal de jogo: 1
Partidas decicidas nos penaltis: 1
Vitorias: 1
Derrotas: 1
Gols marcados: 6
Gols sofridos: 5
--------------------------------------------------
Pais: Alemanha
Partidas: 1
Partidas decididas em tempo normal de jogo: 1
Partidas decicidas nos penaltis: 0
Vitorias: 0
Derrotas: 1
Gols marcados: 1
Gols sofridos: 2
--------------------------------------------------
Pais: Inglaterra
Partidas: 1
Partidas decididas em tempo normal de jogo: 1
Partidas decicidas nos penaltis: 0
Vitorias: 0
Derrotas: 1
Gols marcados: 3
Gols sofridos: 5
--------------------------------------------------
Pais: Suecia
Partidas: 4
Partidas decididas em tempo normal de jogo: 2
Partidas decicidas nos penaltis: 2
Vitorias: 2
Derrotas: 2
Gols marcados: 11
Gols sofridos: 10
--------------------------------------------------
Pais: Brasil
Partidas: 1
Partidas decididas em tempo normal de jogo: 0
Partidas decicidas nos penaltis: 1
Vitorias: 0
Derrotas: 1
Gols marcados: 0
Gols sofridos: 0
--------------------------------------------------
Pais: Tunisia
Partidas: 2
Partidas decididas em tempo normal de jogo: 1
Partidas decicidas nos penaltis: 1
Vitorias: 1
Derrotas: 1
Gols marcados: 0
Gols sofridos: 1
--------------------------------------------------
Pais: Suica
Partidas: 4
Partidas decididas em tempo normal de jogo: 2
Partidas decicidas nos penaltis: 2
Vitorias: 4
Derrotas: 0
Gols marcados: 7
Gols sofridos: 4
--------------------------------------------------
Pais: Dinamarca
Partidas: 1
Partidas decididas em tempo normal de jogo: 0
Partidas decicidas nos penaltis: 1
Vitorias: 0
Derrotas: 1
Gols marcados: 2
Gols sofridos: 2
--------------------------------------------------
Pais: Argentina
Partidas: 4
Partidas decididas em tempo normal de jogo: 3
Partidas decicidas nos penaltis: 1
Vitorias: 3
Derrotas: 1
Gols marcados: 12
Gols sofridos: 11
--------------------------------------------------
Pais: Peru
Partidas: 1
Partidas decididas em tempo normal de jogo: 1
Partidas decicidas nos penaltis: 0
Vitorias: 0
Derrotas: 1
Gols marcados: 4
Gols sofridos: 5
--------------------------------------------------
Pais: Uruguai
Partidas: 1
Partidas decididas em tempo normal de jogo: 1
Partidas decicidas nos penaltis: 0
Vitorias: 0
Derrotas: 1
Gols marcados: 1
Gols sofridos: 5
--------------------------------------------------
Pais: Colombia
Partidas: 2
Partidas decididas em tempo normal de jogo: 1
Partidas decicidas nos penaltis: 1
Vitorias: 1
Derrotas: 1
Gols marcados: 5
Gols sofridos: 1
--------------------------------------------------
Pais: Chile
Partidas: 1
Partidas decididas em tempo normal de jogo: 1
Partidas decicidas nos penaltis: 0
Vitorias: 0
Derrotas: 1
Gols marcados: 0
Gols sofridos: 1
--------------------------------------------------
Pais: Marrocos
Partidas: 2
Partidas decididas em tempo normal de jogo: 2
Partidas decicidas nos penaltis: 0
Vitorias: 1
Derrotas: 1
Gols marcados: 1
Gols sofridos: 1
--------------------------------------------------
Pais: Japao
Partidas: 1
Partidas decididas em tempo normal de jogo: 1
Partidas decicidas nos penaltis: 0
Vitorias: 0
Derrotas: 1
Gols marcados: 0
Gols sofridos: 5
--------------------------------------------------
Pais: Franca
Partidas: 4
Partidas decididas em tempo normal de jogo: 4
Partidas decicidas nos penaltis: 0
Vitorias: 3
Derrotas: 1
Gols marcados: 13
Gols sofridos: 8
--------------------------------------------------
Pais campeao: Suica
--------------------------------------------------
