--------------------------------------------------
Pais: Peru
Partidas: 1
Partidas decididas em tempo normal de jogo: 0
Partidas decicidas nos penaltis: 1
Vitorias: 0
Derrotas: 1
Gols marcados: 3
Gols sofridos: 3
--------------------------------------------------
Pais: Grecia
Partidas: 4
Partidas decididas em tempo normal de jogo: 3
Partidas decicidas nos penaltis: 1
Vitorias: 3
Derrotas: 1
Gols marcados: 13
Gols sofridos: 11
--------------------------------------------------
Pais: Franca
Partidas: 1
Partidas decididas em tempo normal de jogo: 1
Partidas decicidas nos penaltis: 0
Vitorias: 0
Derrotas: 1
Gols marcados: 2
Gols sofridos: 4
--------------------------------------------------
Pais: Marrocos
Partidas: 2
Partidas decididas em tempo normal de jogo: 2
Partidas decicidas nos penaltis: 0
Vitorias: 1
Derrotas: 1
Gols marcados: 5
Gols sofridos: 6
--------------------------------------------------
Pais: Japao
Partidas: 1
Partidas decididas em tempo normal de jogo: 1
Partidas decicidas nos penaltis: 0
Vitorias: 0
Derrotas: 1
Gols marcados: 0
Gols sofridos: 3
--------------------------------------------------
Pais: Argentina
Partidas: 4
Partidas decididas em tempo normal de jogo: 4
Partidas decicidas nos penaltis: 0
Vitorias: 3
Derrotas: 1
Gols marcados: 12
Gols sofridos: 3
--------------------------------------------------
Pais: Panama
Partidas: 2
Partidas decididas em tempo normal de jogo: 2
Partidas decicidas nos penaltis: 0
Vitorias: 1
Derrotas: 1
Gols marcados: 4
Gols sofridos: 3
--------------------------------------------------
Pais: Ira
Partidas: 1
Partidas decididas em tempo normal de jogo: 1
Partidas decicidas nos penaltis: 0
Vitorias: 0
Derrotas: 1
Gols marcados: 0
Gols sofridos: 4
--------------------------------------------------
Pais: Nigeria
Partidas: 1
Partidas decididas em tempo normal de jogo: 1
Partidas decicidas nos penaltis: 0
Vitorias: 0
Derrotas: 1
Gols marcados: 2
Gols sofridos: 5
--------------------------------------------------
Pais: Senegal
Partidas: 4
Partidas decididas em tempo normal de jogo: 4
Partidas decicidas nos penaltis: 0
Vitorias: 2
Derrotas: 2
Gols marcados: 10
Gols sofridos: 13
--------------------------------------------------
Pais: Belgica
Partidas: 1
Partidas decididas em tempo normal de jogo: 1
Partidas decicidas nos penaltis: 0
Vitorias: 0
Derrotas: 1
Gols marcados: 2
Gols sofridos: 3
--------------------------------------------------
Pais: Alemanha
Partidas: 2
Partidas decididas em tempo normal de jogo: 2
Partidas decicidas nos penaltis: 0
Vitorias: 1
Derrotas: 1
Gols marcados: 7
Gols sofridos: 7
--------------------------------------------------
Pais: Islandia
Partidas: 1
Partidas decididas em tempo normal de jogo: 1
Partidas decicidas nos penaltis: 0
Vitorias: 0
Derrotas: 1
Gols marcados: 0
Gols sofridos: 4
--------------------------------------------------
Pais: Mexico
Partidas: 2
Partidas decididas em tempo normal de jogo: 1
Partidas decicidas nos penaltis: 1
Vitorias: 1
Derrotas: 1
Gols marcados: 9
Gols sofridos: 5
--------------------------------------------------
Pais: Suecia
Partidas: 1
Partidas decididas em tempo normal de jogo: 1
Partidas decicidas nos penaltis: 0
Vitorias: 0
Derrotas: 1
Gols marcados: 0
Gols sofridos: 4
--------------------------------------------------
Pais: Croacia
Partidas: 4
Partidas decididas em tempo normal de jogo: 3
Partidas decicidas nos penaltis: 1
Vitorias: 4
Derrotas: 0
Gols marcados: 17
Gols sofridos: 8
--------------------------------------------------
Pais campeao: Croacia
--------------------------------------------------
